<?xml version="1.0" encoding="UTF-8"?>
<!-- Generated by org.testng.reporters.JUnitReportReporter -->
<testsuite hostname="DESKTOP-JB5NLL4" failures="0" tests="3" name="testNG.DependOnMethods" time="0.072" errors="0" timestamp="2025-10-09T00:40:48 PDT" skipped="0">
  <testcase classname="testNG.DependOnMethods" name="deleteAccount" time="0.008">
    <system-out>
      <![CDATA[Account is Deleted ]]>
    </system-out>
  </testcase> <!-- deleteAccount -->
  <testcase classname="testNG.DependOnMethods" name="createAccount" time="0.052">
    <system-out>
      <![CDATA[Account Is Created!!]]>
    </system-out>
  </testcase> <!-- createAccount -->
  <testcase classname="testNG.DependOnMethods" name="modifyAccount" time="0.012">
    <system-out>
      <![CDATA[Account is Modified ]]>
    </system-out>
  </testcase> <!-- modifyAccount -->
  <system-out>
    <![CDATA[Account Is Created!!
Account is Modified 
Account is Deleted ]]>
  </system-out>
</testsuite> <!-- testNG.DependOnMethods -->
