<?xml version="1.0" encoding="UTF-8"?>
<!-- Generated by org.testng.reporters.JUnitReportReporter -->
<testsuite hostname="DESKTOP-JB5NLL4" failures="0" tests="3" name="testNG.DemoTest" time="0.076" errors="0" timestamp="2025-10-09T00:30:49 PDT" skipped="0">
  <testcase classname="testNG.DemoTest" name="case1" time="0.059"/>
  <testcase classname="testNG.DemoTest" name="case3" time="0.011"/>
  <testcase classname="testNG.DemoTest" name="case2" time="0.006"/>
</testsuite> <!-- testNG.DemoTest -->
